[ Thu Jun 20 07:58:18 2024
 ] -> Uruchomiono program

[ Thu Jun 20 07:58:18 2024
 ] -> Uruchomiono menu

[ Thu Jun 20 07:58:41 2024
 ] -> Uruchomiono podstawowy program

[ Thu Jun 20 07:58:41 2024
 ] -> Poprawnie wczytano plik intc_us_data.csv

[ Thu Jun 20 07:58:41 2024
 ] -> Wczytano ilość linii

[ Thu Jun 20 07:58:41 2024
 ] -> Wczytano dane z pliku wejsciowego

[ Thu Jun 20 07:58:41 2024
 ] -> Wygenerowano świece

[ Thu Jun 20 07:58:42 2024
 ] -> Wypisano w konsoli kawałek wykresu, a pełen wykres wygenerowano w pliku chart.txt

[ Thu Jun 20 07:58:42 2024
 ] -> Zakończono dany podprogram

[ Thu Jun 20 07:58:43 2024
 ] -> Uruchomiono menu

[ Thu Jun 20 07:58:45 2024
 ] -> Uruchomiono zaawansowany program

[ Thu Jun 20 07:58:45 2024
 ] -> Oczekiwanie na podanie nazwy pliku wejsciowego

[ Thu Jun 20 07:59:17 2024
 ] -> initc_us_data.csv

[ Thu Jun 20 07:59:17 2024
 ] -> Nie znaleziono podanego pliku wejściowego

[ Thu Jun 20 07:59:17 2024
 ] -> Zakończono dany podprogram

[ Thu Jun 20 07:59:20 2024
 ] -> Uruchomiono menu

[ Thu Jun 20 07:59:21 2024
 ] -> Program został wyłączony

